0 info it worked if it ends with ok
1 verbose cli [ '/usr/bin/nodejs', '/usr/bin/npm', 'start' ]
2 info using npm@3.5.2
3 info using node@v4.2.6
4 verbose run-script [ 'prestart', 'start', 'poststart' ]
5 info lifecycle hbs-view@0.1.0~prestart: hbs-view@0.1.0
6 silly lifecycle hbs-view@0.1.0~prestart: no script for prestart, continuing
7 info lifecycle hbs-view@0.1.0~start: hbs-view@0.1.0
8 verbose lifecycle hbs-view@0.1.0~start: unsafe-perm in lifecycle true
9 verbose lifecycle hbs-view@0.1.0~start: PATH: /usr/share/npm/bin/node-gyp-bin:/mnt/c/Users/zettl/homeboardsearch/hbs-view/node_modules/.bin:/home/zettlrobert/bin:/home/zettlrobert/.local/bin:/usr/local/sbin:/usr/local/bin:/usr/sbin:/usr/bin:/sbin:/bin:/usr/games:/usr/local/games:/mnt/c/Program Files (x86)/Razer Chroma SDK/bin:/mnt/c/Program Files/Razer Chroma SDK/bin:/mnt/c/Program Files (x86)/Common Files/Intel/Shared Libraries/redist/intel64/compiler:/mnt/c/ProgramData/Oracle/Java/javapath_target_82498906:/mnt/c/Program Files (x86)/Razer Chroma SDK/bin:/mnt/c/Program Files/Razer Chroma SDK/bin:/mnt/c/Windows/System32:/mnt/c/Windows:/mnt/c/Windows/System32/wbem:/mnt/c/Windows/System32/WindowsPowerShell/v1.0:/mnt/c/Users/zettl/AppData/Local/Microsoft/WindowsApps:/mnt/c/Program Files/dotnet:/mnt/c/Program Files/Microsoft SQL Server/130/Tools/Binn:/mnt/c/Program Files/Git/cmd:/mnt/c/Windows/System32:/mnt/c/Windows:/mnt/c/Windows/System32/wbem:/mnt/c/Windows/System32/WindowsPowerShell/v1.0:/mnt/c/Program Files (x86)/Skype/Phone:/mnt/c/ProgramData/chocolatey/bin:/mnt/c/Program Files/nodejs:/mnt/c/Program Files (x86)/NVIDIA Corporation/PhysX/Common:/mnt/c/Users/zettl/AppData/Local/Microsoft/WindowsApps:/mnt/c/Users/zettl/AppData/Local/atom/bin:/mnt/c/Users/zettl/AppData/Local/Microsoft/WindowsApps:/mnt/c/Users/zettl/AppData/Roaming/npm:/mnt/c/Program Files/Heroku/bin:/snap/bin
10 verbose lifecycle hbs-view@0.1.0~start: CWD: /mnt/c/Users/zettl/homeboardsearch/hbs-view
11 silly lifecycle hbs-view@0.1.0~start: Args: [ '-c', 'node scripts/start.js' ]
12 info lifecycle hbs-view@0.1.0~start: Failed to exec start script
13 verbose stack Error: hbs-view@0.1.0 start: `node scripts/start.js`
13 verbose stack spawn ENOENT
13 verbose stack     at ChildProcess.<anonymous> (/usr/share/npm/lib/utils/spawn.js:17:16)
13 verbose stack     at emitTwo (events.js:87:13)
13 verbose stack     at ChildProcess.emit (events.js:172:7)
13 verbose stack     at maybeClose (internal/child_process.js:821:16)
13 verbose stack     at Process.ChildProcess._handle.onexit (internal/child_process.js:211:5)
14 verbose pkgid hbs-view@0.1.0
15 verbose cwd /mnt/c/Users/zettl/homeboardsearch/hbs-view
16 error Linux 4.4.0-43-Microsoft
17 error argv "/usr/bin/nodejs" "/usr/bin/npm" "start"
18 error node v4.2.6
19 error npm  v3.5.2
20 error file sh
21 error code ELIFECYCLE
22 error errno ENOENT
23 error syscall spawn
24 error hbs-view@0.1.0 start: `node scripts/start.js`
24 error spawn ENOENT
25 error Failed at the hbs-view@0.1.0 start script 'node scripts/start.js'.
25 error Make sure you have the latest version of node.js and npm installed.
25 error If you do, this is most likely a problem with the hbs-view package,
25 error not with npm itself.
25 error Tell the author that this fails on your system:
25 error     node scripts/start.js
25 error You can get information on how to open an issue for this project with:
25 error     npm bugs hbs-view
25 error Or if that isn't available, you can get their info via:
25 error     npm owner ls hbs-view
25 error There is likely additional logging output above.
26 verbose exit [ 1, true ]
